-------------------------------------------------------------------------------
Test set: pokemon.PokeRunner
-------------------------------------------------------------------------------
Tests run: 1, Failures: 0, Errors: 1, Skipped: 0, Time elapsed: 1.376 s <<< FAILURE! - in pokemon.PokeRunner
testPokemon  Time elapsed: 1.375 s  <<< ERROR!
java.lang.RuntimeException: not found: pokemon/pokemon.feature

