<?xml version="1.0" encoding="UTF-8"?>
<testsuite xmlns:xsi="http://www.w3.org/2001/XMLSchema-instance" xsi:noNamespaceSchemaLocation="https://maven.apache.org/surefire/maven-surefire-plugin/xsd/surefire-test-report.xsd" name="aula_inatel.star_wars.SwRunner" time="10.316" tests="2" errors="0" skipped="0" failures="0">
  <properties>
[...]
</properties>
  <testcase name="testStarWars[1][1]" classname="aula_inatel.star_wars.SwRunner" time="3.924"/>
  <testcase name="testStarWars[1][2]" classname="aula_inatel.star_wars.SwRunner" time="4.309"/>
</testsuite>